<?xml version="1.0" encoding="UTF-8"?>
<testsuite xmlns:xsi="http://www.w3.org/2001/XMLSchema-instance" xsi:noNamespaceSchemaLocation="https://maven.apache.org/surefire/maven-surefire-plugin/xsd/surefire-test-report-3.0.xsd" version="3.0" name="in.sp.main.BookstoreApi8ApplicationTests" time="4.443" tests="1" errors="0" skipped="0" failures="0">
  <properties>
[...]
</properties>
  <testcase name="contextLoads" classname="in.sp.main.BookstoreApi8ApplicationTests" time="0.367">
    <system-out><![CDATA[16:45:29.255 [main] INFO org.springframework.test.context.support.AnnotationConfigContextLoaderUtils -- Could not detect default configuration classes for test class [in.sp.main.BookstoreApi8ApplicationTests]: BookstoreApi8ApplicationTests does not declare any static, non-private, non-final, nested classes annotated with @Configuration.
16:45:29.371 [main] INFO org.springframework.boot.test.context.SpringBootTestContextBootstrapper -- Found @SpringBootConfiguration in.sp.main.BookstoreApi8Application for test class in.sp.main.BookstoreApi8ApplicationTests

  .   ____          _            __ _ _
 /\\ / ___'_ __ _ _(_)_ __  __ _ \ \ \ \
( ( )\___ | '_ | '_| | '_ \/ _` | \ \ \ \
 \\/  ___)| |_)| | | | | || (_| |  ) ) ) )
  '  |____| .__|_| |_|_| |_\__, | / / / /
 =========|_|==============|___/=/_/_/_/

 :: Spring Boot ::                (v3.3.2)

2024-08-27T16:45:29.739+05:30  INFO 10992 --- [BookstoreAPI-8] [           main] i.sp.main.BookstoreApi8ApplicationTests  : Starting BookstoreApi8ApplicationTests using Java 20.0.1 with PID 10992 (started by anike in C:\Users\anike\OneDrive\Desktop\Aniket-Pal_5017587\WEEK-5\Exercise-8)
2024-08-27T16:45:29.740+05:30  INFO 10992 --- [BookstoreAPI-8] [           main] i.sp.main.BookstoreApi8ApplicationTests  : No active profile set, falling back to 1 default profile: "default"
2024-08-27T16:45:30.297+05:30  INFO 10992 --- [BookstoreAPI-8] [           main] .s.d.r.c.RepositoryConfigurationDelegate : Bootstrapping Spring Data JPA repositories in DEFAULT mode.
2024-08-27T16:45:30.347+05:30  INFO 10992 --- [BookstoreAPI-8] [           main] .s.d.r.c.RepositoryConfigurationDelegate : Finished Spring Data repository scanning in 42 ms. Found 2 JPA repository interfaces.
2024-08-27T16:45:30.795+05:30  INFO 10992 --- [BookstoreAPI-8] [           main] o.hibernate.jpa.internal.util.LogHelper  : HHH000204: Processing PersistenceUnitInfo [name: default]
2024-08-27T16:45:30.878+05:30  INFO 10992 --- [BookstoreAPI-8] [           main] org.hibernate.Version                    : HHH000412: Hibernate ORM core version 6.5.2.Final
2024-08-27T16:45:30.916+05:30  INFO 10992 --- [BookstoreAPI-8] [           main] o.h.c.internal.RegionFactoryInitiator    : HHH000026: Second-level cache disabled
2024-08-27T16:45:31.287+05:30  INFO 10992 --- [BookstoreAPI-8] [           main] o.s.o.j.p.SpringPersistenceUnitInfo      : No LoadTimeWeaver setup: ignoring JPA class transformer
2024-08-27T16:45:31.314+05:30  INFO 10992 --- [BookstoreAPI-8] [           main] com.zaxxer.hikari.HikariDataSource       : HikariPool-1 - Starting...
2024-08-27T16:45:31.462+05:30  INFO 10992 --- [BookstoreAPI-8] [           main] com.zaxxer.hikari.pool.HikariPool        : HikariPool-1 - Added connection conn0: url=jdbc:h2:mem:testdb user=SA
2024-08-27T16:45:31.463+05:30  INFO 10992 --- [BookstoreAPI-8] [           main] com.zaxxer.hikari.HikariDataSource       : HikariPool-1 - Start completed.
2024-08-27T16:45:32.159+05:30  INFO 10992 --- [BookstoreAPI-8] [           main] o.h.e.t.j.p.i.JtaPlatformInitiator       : HHH000489: No JTA platform available (set 'hibernate.transaction.jta.platform' to enable JTA platform integration)
Hibernate: create table book (id bigint generated by default as identity, author varchar(50) not null, isbn varchar(13) not null, price float(53) not null check (price>=0), title varchar(100) not null, version integer not null, primary key (id))
Hibernate: create table customer (id bigint generated by default as identity, address varchar(200), email varchar(255) not null, name varchar(50) not null, version integer not null, primary key (id))
2024-08-27T16:45:32.209+05:30  INFO 10992 --- [BookstoreAPI-8] [           main] j.LocalContainerEntityManagerFactoryBean : Initialized JPA EntityManagerFactory for persistence unit 'default'
2024-08-27T16:45:32.678+05:30  WARN 10992 --- [BookstoreAPI-8] [           main] JpaBaseConfiguration$JpaWebConfiguration : spring.jpa.open-in-view is enabled by default. Therefore, database queries may be performed during view rendering. Explicitly configure spring.jpa.open-in-view to disable this warning
2024-08-27T16:45:33.095+05:30  INFO 10992 --- [BookstoreAPI-8] [           main] o.s.b.a.h2.H2ConsoleAutoConfiguration    : H2 console available at '/h2-console'. Database available at 'jdbc:h2:mem:testdb'
2024-08-27T16:45:33.151+05:30  INFO 10992 --- [BookstoreAPI-8] [           main] i.sp.main.BookstoreApi8ApplicationTests  : Started BookstoreApi8ApplicationTests in 3.631 seconds (process running for 4.486)
]]></system-out>
  </testcase>
</testsuite>